0 info it worked if it ends with ok
1 verbose cli [ 'node', '/usr/local/bin/npm', 'update', '-g', 'cordova' ]
2 info using npm@1.4.28
3 info using node@v0.10.32
4 verbose request where is /cordova
5 verbose request registry https://registry.npmjs.org/
6 verbose request id 42ad755bbb6123cb
7 verbose url raw /cordova
8 verbose url resolving [ 'https://registry.npmjs.org/', './cordova' ]
9 verbose url resolved https://registry.npmjs.org/cordova
10 verbose request where is https://registry.npmjs.org/cordova
11 info trying registry request attempt 1 at 14:56:06
12 verbose etag "7R0ZIS9JLI6Z6XLQCLT1RUCO7"
13 http GET https://registry.npmjs.org/cordova
14 http 200 https://registry.npmjs.org/cordova
15 silly registry.get cb [ 200,
15 silly registry.get   { date: 'Thu, 22 Jan 2015 11:56:06 GMT',
15 silly registry.get     server: 'CouchDB/1.5.0 (Erlang OTP/R16B03)',
15 silly registry.get     etag: '"2OWOGZUZG0ZT6LVMJ7M7IPW47"',
15 silly registry.get     'content-type': 'application/json',
15 silly registry.get     'cache-control': 'max-age=60',
15 silly registry.get     'content-length': '337662',
15 silly registry.get     'accept-ranges': 'bytes',
15 silly registry.get     via: '1.1 varnish',
15 silly registry.get     age: '0',
15 silly registry.get     'x-served-by': 'cache-fra1232-FRA',
15 silly registry.get     'x-cache': 'HIT',
15 silly registry.get     'x-cache-hits': '1',
15 silly registry.get     'x-timer': 'S1421927766.760391,VS0,VE104',
15 silly registry.get     vary: 'Accept',
15 silly registry.get     'keep-alive': 'timeout=10, max=50',
15 silly registry.get     connection: 'Keep-Alive' } ]
16 info outdated updating [ [ '/usr/local/lib', 'cordova', '4.0.0', '4.2.0', '4.2.0', 'latest' ] ]
17 verbose install where,what [ '/usr/local/lib', [ 'cordova@4.2.0' ] ]
18 verbose cache add [ 'cordova@4.2.0', null ]
19 verbose cache add name=undefined spec="cordova@4.2.0" args=["cordova@4.2.0",null]
20 verbose parsed url { protocol: null,
20 verbose parsed url   slashes: null,
20 verbose parsed url   auth: null,
20 verbose parsed url   host: null,
20 verbose parsed url   port: null,
20 verbose parsed url   hostname: null,
20 verbose parsed url   hash: null,
20 verbose parsed url   search: null,
20 verbose parsed url   query: null,
20 verbose parsed url   pathname: 'cordova@4.2.0',
20 verbose parsed url   path: 'cordova@4.2.0',
20 verbose parsed url   href: 'cordova@4.2.0' }
21 verbose cache add name="cordova" spec="4.2.0" args=["cordova","4.2.0"]
22 verbose parsed url { protocol: null,
22 verbose parsed url   slashes: null,
22 verbose parsed url   auth: null,
22 verbose parsed url   host: null,
22 verbose parsed url   port: null,
22 verbose parsed url   hostname: null,
22 verbose parsed url   hash: null,
22 verbose parsed url   search: null,
22 verbose parsed url   query: null,
22 verbose parsed url   pathname: '4.2.0',
22 verbose parsed url   path: '4.2.0',
22 verbose parsed url   href: '4.2.0' }
23 verbose addNamed [ 'cordova', '4.2.0' ]
24 verbose addNamed [ '4.2.0', '4.2.0' ]
25 silly lockFile ab86ab8c-cordova-4-2-0 cordova@4.2.0
26 verbose lock cordova@4.2.0 /Users/apple/.npm/ab86ab8c-cordova-4-2-0.lock
27 verbose registry.get https://registry.npmjs.org/cordova not expired, no request
28 silly lockFile baf9be59-js-org-cordova-cordova-4-2-0-tgz https://registry.npmjs.org/cordova/-/cordova-4.2.0.tgz
29 verbose lock https://registry.npmjs.org/cordova/-/cordova-4.2.0.tgz /Users/apple/.npm/baf9be59-js-org-cordova-cordova-4-2-0-tgz.lock
30 verbose addRemoteTarball [ 'https://registry.npmjs.org/cordova/-/cordova-4.2.0.tgz',
30 verbose addRemoteTarball   'e4519197040b09b1bd131ecebc847716a2a7d7d0' ]
31 info retry fetch attempt 1 at 14:56:07
32 verbose fetch to= /var/folders/99/jjvf94hs12535pm5s9mxtxl40000gn/T/npm-3532-8GIimZnk/registry.npmjs.org/cordova/-/cordova-4.2.0.tgz
33 http GET https://registry.npmjs.org/cordova/-/cordova-4.2.0.tgz
34 http 200 https://registry.npmjs.org/cordova/-/cordova-4.2.0.tgz
35 silly lockFile baf9be59-js-org-cordova-cordova-4-2-0-tgz https://registry.npmjs.org/cordova/-/cordova-4.2.0.tgz
36 silly lockFile baf9be59-js-org-cordova-cordova-4-2-0-tgz https://registry.npmjs.org/cordova/-/cordova-4.2.0.tgz
37 silly lockFile ab86ab8c-cordova-4-2-0 cordova@4.2.0
38 silly lockFile ab86ab8c-cordova-4-2-0 cordova@4.2.0
39 error Error: EACCES, mkdir '/Users/apple/.npm/cordova/4.2.0'
39 error  { [Error: EACCES, mkdir '/Users/apple/.npm/cordova/4.2.0']
39 error   errno: 3,
39 error   code: 'EACCES',
39 error   path: '/Users/apple/.npm/cordova/4.2.0' }
40 error Please try running this command again as root/Administrator.
41 error System Darwin 14.1.0
42 error command "node" "/usr/local/bin/npm" "update" "-g" "cordova"
43 error cwd /Users/apple/getLunch/getLunch
44 error node -v v0.10.32
45 error npm -v 1.4.28
46 error path /Users/apple/.npm/cordova/4.2.0
47 error code EACCES
48 error errno 3
49 error stack Error: EACCES, mkdir '/Users/apple/.npm/cordova/4.2.0'
50 verbose exit [ 3, true ]
